2012/10/29 14:48:57 [error] [exception.CException] exception 'CException' with message 'Alias "bootstrap.widgets.TbNavbar" is invalid. Make sure it points to an existing directory or file.' in /Users/arthurkam/git/PHYLO_mcgill/framework/YiiBase.php:343
Stack trace:
#0 /Users/arthurkam/git/PHYLO_mcgill/framework/web/CWidgetFactory.php(147): YiiBase::import('bootstrap.widge...', true)
#1 /Users/arthurkam/git/PHYLO_mcgill/framework/web/CBaseController.php(147): CWidgetFactory->createWidget(Object(SiteController), 'bootstrap.widge...', Array)
#2 /Users/arthurkam/git/PHYLO_mcgill/framework/web/CBaseController.php(173): CBaseController->createWidget('bootstrap.widge...', Array)
#3 /Users/arthurkam/git/PHYLO_mcgill/protected/views/layouts/main.php(69): CBaseController->widget('bootstrap.widge...', Array)
#4 /Users/arthurkam/git/PHYLO_mcgill/framework/web/CBaseController.php(127): require('/Users/arthurka...')
#5 /Users/arthurkam/git/PHYLO_mcgill/framework/web/CBaseController.php(96): CBaseController->renderInternal('/Users/arthurka...', Array, true)
#6 /Users/arthurkam/git/PHYLO_mcgill/framework/web/widgets/CContentDecorator.php(77): CBaseController->renderFile('/Users/arthurka...', Array, true)
#7 /Users/arthurkam/git/PHYLO_mcgill/framework/web/widgets/CContentDecorator.php(55): CContentDecorator->decorate('<div id="conten...')
#8 /Users/arthurkam/git/PHYLO_mcgill/framework/web/widgets/COutputProcessor.php(45): CContentDecorator->processOutput('<div id="conten...')
#9 /Users/arthurkam/git/PHYLO_mcgill/framework/web/CBaseController.php(207): COutputProcessor->run()
#10 /Users/arthurkam/git/PHYLO_mcgill/framework/web/CBaseController.php(301): CBaseController->endWidget('CContentDecorat...')
#11 /Users/arthurkam/git/PHYLO_mcgill/protected/views/layouts/column1.php(6): CBaseController->endContent()
#12 /Users/arthurkam/git/PHYLO_mcgill/framework/web/CBaseController.php(127): require('/Users/arthurka...')
#13 /Users/arthurkam/git/PHYLO_mcgill/framework/web/CBaseController.php(96): CBaseController->renderInternal('/Users/arthurka...', Array, true)
#14 /Users/arthurkam/git/PHYLO_mcgill/framework/web/CController.php(785): CBaseController->renderFile('/Users/arthurka...', Array, true)
#15 /Users/arthurkam/git/PHYLO_mcgill/protected/controllers/SiteController.php(32): CController->render('index')
#16 /Users/arthurkam/git/PHYLO_mcgill/framework/web/actions/CInlineAction.php(50): SiteController->actionIndex()
#17 /Users/arthurkam/git/PHYLO_mcgill/framework/web/CController.php(309): CInlineAction->runWithParams(Array)
#18 /Users/arthurkam/git/PHYLO_mcgill/framework/web/CController.php(287): CController->runAction(Object(CInlineAction))
#19 /Users/arthurkam/git/PHYLO_mcgill/framework/web/CController.php(266): CController->runActionWithFilters(Object(CInlineAction), Array)
#20 /Users/arthurkam/git/PHYLO_mcgill/framework/web/CWebApplication.php(283): CController->run('')
#21 /Users/arthurkam/git/PHYLO_mcgill/framework/web/CWebApplication.php(142): CWebApplication->runController('')
#22 /Users/arthurkam/git/PHYLO_mcgill/framework/base/CApplication.php(162): CWebApplication->processRequest()
#23 /Users/arthurkam/git/PHYLO_mcgill/htdocs/index.php(14): CApplication->run()
#24 {main}
REQUEST_URI=/
---
2012/10/31 22:06:16 [error] [php] Undefined index: page (/Users/dark/Desktop/PHYLO/protected/controllers/SiteController.php:33)
Stack trace:
#0 /Users/dark/Desktop/PHYLO/framework/web/CController.php(287): SiteController->runAction()
#1 /Users/dark/Desktop/PHYLO/framework/web/CController.php(266): SiteController->runActionWithFilters()
#2 /Users/dark/Desktop/PHYLO/framework/web/CWebApplication.php(283): SiteController->run()
#3 /Users/dark/Desktop/PHYLO/framework/web/CWebApplication.php(142): CWebApplication->runController()
#4 /Users/dark/Desktop/PHYLO/framework/base/CApplication.php(162): CWebApplication->processRequest()
#5 /Users/dark/Desktop/PHYLO/htdocs/index.php(14): CWebApplication->run()
REQUEST_URI=/htdocs/index.php
2012/10/31 22:08:55 [error] [exception.CException] exception 'CException' with message 'SiteController cannot find the requested view "tutorial".' in /Users/dark/Desktop/PHYLO/framework/web/CController.php:879
Stack trace:
#0 /Users/dark/Desktop/PHYLO/framework/web/CController.php(783): CController->renderPartial('tutorial', NULL, true)
#1 /Users/dark/Desktop/PHYLO/protected/controllers/SiteController.php(37): CController->render('tutorial')
#2 /Users/dark/Desktop/PHYLO/framework/web/actions/CInlineAction.php(50): SiteController->actionIndex()
#3 /Users/dark/Desktop/PHYLO/framework/web/CController.php(309): CInlineAction->runWithParams(Array)
#4 /Users/dark/Desktop/PHYLO/framework/web/CController.php(287): CController->runAction(Object(CInlineAction))
#5 /Users/dark/Desktop/PHYLO/framework/web/CController.php(266): CController->runActionWithFilters(Object(CInlineAction), Array)
#6 /Users/dark/Desktop/PHYLO/framework/web/CWebApplication.php(283): CController->run('')
#7 /Users/dark/Desktop/PHYLO/framework/web/CWebApplication.php(142): CWebApplication->runController('')
#8 /Users/dark/Desktop/PHYLO/framework/base/CApplication.php(162): CWebApplication->processRequest()
#9 /Users/dark/Desktop/PHYLO/htdocs/index.php(14): CApplication->run()
#10 {main}
REQUEST_URI=/htdocs/index.php?page=tutorial
HTTP_REFERER=http://localhost:8888/htdocs/index.php
---
2012/10/31 22:16:26 [error] [exception.CException] exception 'CException' with message 'CAssetManager.basePath "/Users/dark/Desktop/PHYLO/assets" is invalid. Please make sure the directory exists and is writable by the Web server process.' in /Users/dark/Desktop/PHYLO/framework/web/CAssetManager.php:128
Stack trace:
#0 /Users/dark/Desktop/PHYLO/framework/web/CAssetManager.php(113): CAssetManager->setBasePath('/Users/dark/Des...')
#1 /Users/dark/Desktop/PHYLO/framework/web/CAssetManager.php(235): CAssetManager->getBasePath()
#2 /Users/dark/Desktop/PHYLO/protected/extensions/bootstrap/components/Bootstrap.php(328): CAssetManager->publish('/Users/dark/Des...', false, -1, false)
#3 /Users/dark/Desktop/PHYLO/protected/extensions/bootstrap/components/Bootstrap.php(103): Bootstrap->getAssetsUrl()
#4 /Users/dark/Desktop/PHYLO/protected/extensions/bootstrap/components/Bootstrap.php(84): Bootstrap->registerCoreCss()
#5 /Users/dark/Desktop/PHYLO/framework/base/CModule.php(388): Bootstrap->init()
#6 /Users/dark/Desktop/PHYLO/framework/base/CModule.php(493): CModule->getComponent('bootstrap')
#7 /Users/dark/Desktop/PHYLO/framework/base/CApplication.php(146): CModule->preloadComponents()
#8 /Users/dark/Desktop/PHYLO/framework/YiiBase.php(127): CApplication->__construct('protected/confi...')
#9 /Users/dark/Desktop/PHYLO/framework/YiiBase.php(100): YiiBase::createApplication('CWebApplication', 'protected/confi...')
#10 /Users/dark/Desktop/PHYLO/index.php(14): YiiBase::createWebApplication('protected/confi...')
#11 {main}
REQUEST_URI=/index.php
---
2012/10/31 22:16:29 [error] [exception.CException] exception 'CException' with message 'CAssetManager.basePath "/Users/dark/Desktop/PHYLO/assets" is invalid. Please make sure the directory exists and is writable by the Web server process.' in /Users/dark/Desktop/PHYLO/framework/web/CAssetManager.php:128
Stack trace:
#0 /Users/dark/Desktop/PHYLO/framework/web/CAssetManager.php(113): CAssetManager->setBasePath('/Users/dark/Des...')
#1 /Users/dark/Desktop/PHYLO/framework/web/CAssetManager.php(235): CAssetManager->getBasePath()
#2 /Users/dark/Desktop/PHYLO/protected/extensions/bootstrap/components/Bootstrap.php(328): CAssetManager->publish('/Users/dark/Des...', false, -1, false)
#3 /Users/dark/Desktop/PHYLO/protected/extensions/bootstrap/components/Bootstrap.php(103): Bootstrap->getAssetsUrl()
#4 /Users/dark/Desktop/PHYLO/protected/extensions/bootstrap/components/Bootstrap.php(84): Bootstrap->registerCoreCss()
#5 /Users/dark/Desktop/PHYLO/framework/base/CModule.php(388): Bootstrap->init()
#6 /Users/dark/Desktop/PHYLO/framework/base/CModule.php(493): CModule->getComponent('bootstrap')
#7 /Users/dark/Desktop/PHYLO/framework/base/CApplication.php(146): CModule->preloadComponents()
#8 /Users/dark/Desktop/PHYLO/framework/YiiBase.php(127): CApplication->__construct('protected/confi...')
#9 /Users/dark/Desktop/PHYLO/framework/YiiBase.php(100): YiiBase::createApplication('CWebApplication', 'protected/confi...')
#10 /Users/dark/Desktop/PHYLO/index.php(14): YiiBase::createWebApplication('protected/confi...')
#11 {main}
REQUEST_URI=/index.php
---
2012/10/31 22:16:29 [error] [exception.CException] exception 'CException' with message 'CAssetManager.basePath "/Users/dark/Desktop/PHYLO/assets" is invalid. Please make sure the directory exists and is writable by the Web server process.' in /Users/dark/Desktop/PHYLO/framework/web/CAssetManager.php:128
Stack trace:
#0 /Users/dark/Desktop/PHYLO/framework/web/CAssetManager.php(113): CAssetManager->setBasePath('/Users/dark/Des...')
#1 /Users/dark/Desktop/PHYLO/framework/web/CAssetManager.php(235): CAssetManager->getBasePath()
#2 /Users/dark/Desktop/PHYLO/protected/extensions/bootstrap/components/Bootstrap.php(328): CAssetManager->publish('/Users/dark/Des...', false, -1, false)
#3 /Users/dark/Desktop/PHYLO/protected/extensions/bootstrap/components/Bootstrap.php(103): Bootstrap->getAssetsUrl()
#4 /Users/dark/Desktop/PHYLO/protected/extensions/bootstrap/components/Bootstrap.php(84): Bootstrap->registerCoreCss()
#5 /Users/dark/Desktop/PHYLO/framework/base/CModule.php(388): Bootstrap->init()
#6 /Users/dark/Desktop/PHYLO/framework/base/CModule.php(493): CModule->getComponent('bootstrap')
#7 /Users/dark/Desktop/PHYLO/framework/base/CApplication.php(146): CModule->preloadComponents()
#8 /Users/dark/Desktop/PHYLO/framework/YiiBase.php(127): CApplication->__construct('protected/confi...')
#9 /Users/dark/Desktop/PHYLO/framework/YiiBase.php(100): YiiBase::createApplication('CWebApplication', 'protected/confi...')
#10 /Users/dark/Desktop/PHYLO/index.php(14): YiiBase::createWebApplication('protected/confi...')
#11 {main}
REQUEST_URI=/index.php
---
2012/10/31 22:19:27 [error] [exception.CException] exception 'CException' with message 'SiteController cannot find the requested view "about".' in /Users/dark/Desktop/PHYLO/framework/web/CController.php:879
Stack trace:
#0 /Users/dark/Desktop/PHYLO/framework/web/CController.php(783): CController->renderPartial('about', NULL, true)
#1 /Users/dark/Desktop/PHYLO/protected/controllers/SiteController.php(39): CController->render('about')
#2 /Users/dark/Desktop/PHYLO/framework/web/actions/CInlineAction.php(50): SiteController->actionIndex()
#3 /Users/dark/Desktop/PHYLO/framework/web/CController.php(309): CInlineAction->runWithParams(Array)
#4 /Users/dark/Desktop/PHYLO/framework/web/CController.php(287): CController->runAction(Object(CInlineAction))
#5 /Users/dark/Desktop/PHYLO/framework/web/CController.php(266): CController->runActionWithFilters(Object(CInlineAction), Array)
#6 /Users/dark/Desktop/PHYLO/framework/web/CWebApplication.php(283): CController->run('')
#7 /Users/dark/Desktop/PHYLO/framework/web/CWebApplication.php(142): CWebApplication->runController('')
#8 /Users/dark/Desktop/PHYLO/framework/base/CApplication.php(162): CWebApplication->processRequest()
#9 /Users/dark/Desktop/PHYLO/index.php(14): CApplication->run()
#10 {main}
REQUEST_URI=/index.php?page=about
HTTP_REFERER=http://localhost:8888/index.php?page=tutorial
---
2012/10/31 22:19:28 [error] [exception.CException] exception 'CException' with message 'SiteController cannot find the requested view "credits".' in /Users/dark/Desktop/PHYLO/framework/web/CController.php:879
Stack trace:
#0 /Users/dark/Desktop/PHYLO/framework/web/CController.php(783): CController->renderPartial('credits', NULL, true)
#1 /Users/dark/Desktop/PHYLO/protected/controllers/SiteController.php(43): CController->render('credits')
#2 /Users/dark/Desktop/PHYLO/framework/web/actions/CInlineAction.php(50): SiteController->actionIndex()
#3 /Users/dark/Desktop/PHYLO/framework/web/CController.php(309): CInlineAction->runWithParams(Array)
#4 /Users/dark/Desktop/PHYLO/framework/web/CController.php(287): CController->runAction(Object(CInlineAction))
#5 /Users/dark/Desktop/PHYLO/framework/web/CController.php(266): CController->runActionWithFilters(Object(CInlineAction), Array)
#6 /Users/dark/Desktop/PHYLO/framework/web/CWebApplication.php(283): CController->run('')
#7 /Users/dark/Desktop/PHYLO/framework/web/CWebApplication.php(142): CWebApplication->runController('')
#8 /Users/dark/Desktop/PHYLO/framework/base/CApplication.php(162): CWebApplication->processRequest()
#9 /Users/dark/Desktop/PHYLO/index.php(14): CApplication->run()
#10 {main}
REQUEST_URI=/index.php?page=credits
HTTP_REFERER=http://localhost:8888/index.php?page=about
---
2012/10/31 22:19:28 [error] [exception.CException] exception 'CException' with message 'SiteController cannot find the requested view "ranking".' in /Users/dark/Desktop/PHYLO/framework/web/CController.php:879
Stack trace:
#0 /Users/dark/Desktop/PHYLO/framework/web/CController.php(783): CController->renderPartial('ranking', NULL, true)
#1 /Users/dark/Desktop/PHYLO/protected/controllers/SiteController.php(41): CController->render('ranking')
#2 /Users/dark/Desktop/PHYLO/framework/web/actions/CInlineAction.php(50): SiteController->actionIndex()
#3 /Users/dark/Desktop/PHYLO/framework/web/CController.php(309): CInlineAction->runWithParams(Array)
#4 /Users/dark/Desktop/PHYLO/framework/web/CController.php(287): CController->runAction(Object(CInlineAction))
#5 /Users/dark/Desktop/PHYLO/framework/web/CController.php(266): CController->runActionWithFilters(Object(CInlineAction), Array)
#6 /Users/dark/Desktop/PHYLO/framework/web/CWebApplication.php(283): CController->run('')
#7 /Users/dark/Desktop/PHYLO/framework/web/CWebApplication.php(142): CWebApplication->runController('')
#8 /Users/dark/Desktop/PHYLO/framework/base/CApplication.php(162): CWebApplication->processRequest()
#9 /Users/dark/Desktop/PHYLO/index.php(14): CApplication->run()
#10 {main}
REQUEST_URI=/index.php?page=ranking
HTTP_REFERER=http://localhost:8888/index.php?page=credits
---
2012/10/31 22:24:53 [error] [exception.CException] exception 'CException' with message 'SiteController cannot find the requested view "ranking".' in /Users/dark/Desktop/PHYLO/framework/web/CController.php:879
Stack trace:
#0 /Users/dark/Desktop/PHYLO/framework/web/CController.php(783): CController->renderPartial('ranking', NULL, true)
#1 /Users/dark/Desktop/PHYLO/protected/controllers/SiteController.php(41): CController->render('ranking')
#2 /Users/dark/Desktop/PHYLO/framework/web/actions/CInlineAction.php(50): SiteController->actionIndex()
#3 /Users/dark/Desktop/PHYLO/framework/web/CController.php(309): CInlineAction->runWithParams(Array)
#4 /Users/dark/Desktop/PHYLO/framework/web/CController.php(287): CController->runAction(Object(CInlineAction))
#5 /Users/dark/Desktop/PHYLO/framework/web/CController.php(266): CController->runActionWithFilters(Object(CInlineAction), Array)
#6 /Users/dark/Desktop/PHYLO/framework/web/CWebApplication.php(283): CController->run('')
#7 /Users/dark/Desktop/PHYLO/framework/web/CWebApplication.php(142): CWebApplication->runController('')
#8 /Users/dark/Desktop/PHYLO/framework/base/CApplication.php(162): CWebApplication->processRequest()
#9 /Users/dark/Desktop/PHYLO/index.php(14): CApplication->run()
#10 {main}
REQUEST_URI=/index.php?page=ranking
HTTP_REFERER=http://localhost:8888/index.php?page=tutorial
---
2012/10/31 22:27:07 [error] [exception.CException] exception 'CException' with message 'SiteController cannot find the requested view "about".' in /Users/dark/Desktop/PHYLO/framework/web/CController.php:879
Stack trace:
#0 /Users/dark/Desktop/PHYLO/framework/web/CController.php(783): CController->renderPartial('about', NULL, true)
#1 /Users/dark/Desktop/PHYLO/protected/controllers/SiteController.php(39): CController->render('about')
#2 /Users/dark/Desktop/PHYLO/framework/web/actions/CInlineAction.php(50): SiteController->actionIndex()
#3 /Users/dark/Desktop/PHYLO/framework/web/CController.php(309): CInlineAction->runWithParams(Array)
#4 /Users/dark/Desktop/PHYLO/framework/web/CController.php(287): CController->runAction(Object(CInlineAction))
#5 /Users/dark/Desktop/PHYLO/framework/web/CController.php(266): CController->runActionWithFilters(Object(CInlineAction), Array)
#6 /Users/dark/Desktop/PHYLO/framework/web/CWebApplication.php(283): CController->run('')
#7 /Users/dark/Desktop/PHYLO/framework/web/CWebApplication.php(142): CWebApplication->runController('')
#8 /Users/dark/Desktop/PHYLO/framework/base/CApplication.php(162): CWebApplication->processRequest()
#9 /Users/dark/Desktop/PHYLO/index.php(14): CApplication->run()
#10 {main}
REQUEST_URI=/index.php?page=about
HTTP_REFERER=http://localhost:8888/index.php?page=tutorial
---
2012/10/31 22:27:08 [error] [exception.CException] exception 'CException' with message 'SiteController cannot find the requested view "ranking".' in /Users/dark/Desktop/PHYLO/framework/web/CController.php:879
Stack trace:
#0 /Users/dark/Desktop/PHYLO/framework/web/CController.php(783): CController->renderPartial('ranking', NULL, true)
#1 /Users/dark/Desktop/PHYLO/protected/controllers/SiteController.php(41): CController->render('ranking')
#2 /Users/dark/Desktop/PHYLO/framework/web/actions/CInlineAction.php(50): SiteController->actionIndex()
#3 /Users/dark/Desktop/PHYLO/framework/web/CController.php(309): CInlineAction->runWithParams(Array)
#4 /Users/dark/Desktop/PHYLO/framework/web/CController.php(287): CController->runAction(Object(CInlineAction))
#5 /Users/dark/Desktop/PHYLO/framework/web/CController.php(266): CController->runActionWithFilters(Object(CInlineAction), Array)
#6 /Users/dark/Desktop/PHYLO/framework/web/CWebApplication.php(283): CController->run('')
#7 /Users/dark/Desktop/PHYLO/framework/web/CWebApplication.php(142): CWebApplication->runController('')
#8 /Users/dark/Desktop/PHYLO/framework/base/CApplication.php(162): CWebApplication->processRequest()
#9 /Users/dark/Desktop/PHYLO/index.php(14): CApplication->run()
#10 {main}
REQUEST_URI=/index.php?page=ranking
HTTP_REFERER=http://localhost:8888/index.php?page=about
---
2012/10/31 22:27:10 [error] [exception.CException] exception 'CException' with message 'SiteController cannot find the requested view "credits".' in /Users/dark/Desktop/PHYLO/framework/web/CController.php:879
Stack trace:
#0 /Users/dark/Desktop/PHYLO/framework/web/CController.php(783): CController->renderPartial('credits', NULL, true)
#1 /Users/dark/Desktop/PHYLO/protected/controllers/SiteController.php(43): CController->render('credits')
#2 /Users/dark/Desktop/PHYLO/framework/web/actions/CInlineAction.php(50): SiteController->actionIndex()
#3 /Users/dark/Desktop/PHYLO/framework/web/CController.php(309): CInlineAction->runWithParams(Array)
#4 /Users/dark/Desktop/PHYLO/framework/web/CController.php(287): CController->runAction(Object(CInlineAction))
#5 /Users/dark/Desktop/PHYLO/framework/web/CController.php(266): CController->runActionWithFilters(Object(CInlineAction), Array)
#6 /Users/dark/Desktop/PHYLO/framework/web/CWebApplication.php(283): CController->run('')
#7 /Users/dark/Desktop/PHYLO/framework/web/CWebApplication.php(142): CWebApplication->runController('')
#8 /Users/dark/Desktop/PHYLO/framework/base/CApplication.php(162): CWebApplication->processRequest()
#9 /Users/dark/Desktop/PHYLO/index.php(14): CApplication->run()
#10 {main}
REQUEST_URI=/index.php?page=credits
HTTP_REFERER=http://localhost:8888/index.php?page=ranking
---
2012/10/31 22:27:11 [error] [exception.CException] exception 'CException' with message 'SiteController cannot find the requested view "about".' in /Users/dark/Desktop/PHYLO/framework/web/CController.php:879
Stack trace:
#0 /Users/dark/Desktop/PHYLO/framework/web/CController.php(783): CController->renderPartial('about', NULL, true)
#1 /Users/dark/Desktop/PHYLO/protected/controllers/SiteController.php(39): CController->render('about')
#2 /Users/dark/Desktop/PHYLO/framework/web/actions/CInlineAction.php(50): SiteController->actionIndex()
#3 /Users/dark/Desktop/PHYLO/framework/web/CController.php(309): CInlineAction->runWithParams(Array)
#4 /Users/dark/Desktop/PHYLO/framework/web/CController.php(287): CController->runAction(Object(CInlineAction))
#5 /Users/dark/Desktop/PHYLO/framework/web/CController.php(266): CController->runActionWithFilters(Object(CInlineAction), Array)
#6 /Users/dark/Desktop/PHYLO/framework/web/CWebApplication.php(283): CController->run('')
#7 /Users/dark/Desktop/PHYLO/framework/web/CWebApplication.php(142): CWebApplication->runController('')
#8 /Users/dark/Desktop/PHYLO/framework/base/CApplication.php(162): CWebApplication->processRequest()
#9 /Users/dark/Desktop/PHYLO/index.php(14): CApplication->run()
#10 {main}
REQUEST_URI=/index.php?page=about
HTTP_REFERER=http://localhost:8888/index.php?page=credits
---
2012/10/31 23:00:17 [error] [exception.CHttpException.404] exception 'CHttpException' with message 'Unable to resolve the request "site".' in /Users/dark/Desktop/PHYLO/framework/web/CWebApplication.php:293
Stack trace:
#0 /Users/dark/Desktop/PHYLO/framework/web/CWebApplication.php(148): CWebApplication->runController('')
#1 /Users/dark/Desktop/PHYLO/framework/base/CApplication.php(162): CWebApplication->processRequest()
#2 /Users/dark/Desktop/PHYLO/index.php(14): CApplication->run()
#3 {main}
REQUEST_URI=/index.php?page=play
HTTP_REFERER=http://localhost:8888/index.php?page=tutorial
---
2012/10/31 23:01:30 [error] [exception.CHttpException.404] exception 'CHttpException' with message 'Unable to resolve the request "site".' in /Users/dark/Desktop/PHYLO/framework/web/CWebApplication.php:293
Stack trace:
#0 /Users/dark/Desktop/PHYLO/framework/web/CWebApplication.php(148): CWebApplication->runController('')
#1 /Users/dark/Desktop/PHYLO/framework/base/CApplication.php(162): CWebApplication->processRequest()
#2 /Users/dark/Desktop/PHYLO/index.php(14): CApplication->run()
#3 {main}
REQUEST_URI=/index.php?page=play
HTTP_REFERER=http://localhost:8888/index.php?page=tutorial
---
2012/10/31 23:01:31 [error] [exception.CHttpException.404] exception 'CHttpException' with message 'Unable to resolve the request "site".' in /Users/dark/Desktop/PHYLO/framework/web/CWebApplication.php:293
Stack trace:
#0 /Users/dark/Desktop/PHYLO/framework/web/CWebApplication.php(148): CWebApplication->runController('')
#1 /Users/dark/Desktop/PHYLO/framework/base/CApplication.php(162): CWebApplication->processRequest()
#2 /Users/dark/Desktop/PHYLO/index.php(14): CApplication->run()
#3 {main}
REQUEST_URI=/index.php?page=play
HTTP_REFERER=http://localhost:8888/index.php?page=tutorial
---
2012/10/31 23:01:56 [error] [exception.CHttpException.404] exception 'CHttpException' with message 'Unable to resolve the request "site".' in /Users/dark/Desktop/PHYLO/framework/web/CWebApplication.php:293
Stack trace:
#0 /Users/dark/Desktop/PHYLO/framework/web/CWebApplication.php(148): CWebApplication->runController('')
#1 /Users/dark/Desktop/PHYLO/framework/base/CApplication.php(162): CWebApplication->processRequest()
#2 /Users/dark/Desktop/PHYLO/index.php(14): CApplication->run()
#3 {main}
REQUEST_URI=/index.php?page=play
HTTP_REFERER=http://localhost:8888/index.php?page=tutorial
---
2012/10/31 23:01:57 [error] [exception.CHttpException.404] exception 'CHttpException' with message 'Unable to resolve the request "site".' in /Users/dark/Desktop/PHYLO/framework/web/CWebApplication.php:293
Stack trace:
#0 /Users/dark/Desktop/PHYLO/framework/web/CWebApplication.php(148): CWebApplication->runController('')
#1 /Users/dark/Desktop/PHYLO/framework/base/CApplication.php(162): CWebApplication->processRequest()
#2 /Users/dark/Desktop/PHYLO/index.php(14): CApplication->run()
#3 {main}
REQUEST_URI=/index.php?page=play
HTTP_REFERER=http://localhost:8888/index.php?page=tutorial
---
2012/10/31 23:01:58 [error] [exception.CHttpException.404] exception 'CHttpException' with message 'Unable to resolve the request "site".' in /Users/dark/Desktop/PHYLO/framework/web/CWebApplication.php:293
Stack trace:
#0 /Users/dark/Desktop/PHYLO/framework/web/CWebApplication.php(148): CWebApplication->runController('')
#1 /Users/dark/Desktop/PHYLO/framework/base/CApplication.php(162): CWebApplication->processRequest()
#2 /Users/dark/Desktop/PHYLO/index.php(14): CApplication->run()
#3 {main}
REQUEST_URI=/index.php?page=play
HTTP_REFERER=http://localhost:8888/index.php?page=tutorial
---
2012/10/31 23:02:03 [error] [exception.CHttpException.404] exception 'CHttpException' with message 'Unable to resolve the request "site".' in /Users/dark/Desktop/PHYLO/framework/web/CWebApplication.php:293
Stack trace:
#0 /Users/dark/Desktop/PHYLO/framework/web/CWebApplication.php(148): CWebApplication->runController('')
#1 /Users/dark/Desktop/PHYLO/framework/base/CApplication.php(162): CWebApplication->processRequest()
#2 /Users/dark/Desktop/PHYLO/index.php(14): CApplication->run()
#3 {main}
REQUEST_URI=/index.php?page=play
HTTP_REFERER=http://localhost:8888/index.php?page=tutorial
---
2012/10/31 23:02:04 [error] [exception.CHttpException.404] exception 'CHttpException' with message 'Unable to resolve the request "site".' in /Users/dark/Desktop/PHYLO/framework/web/CWebApplication.php:293
Stack trace:
#0 /Users/dark/Desktop/PHYLO/framework/web/CWebApplication.php(148): CWebApplication->runController('')
#1 /Users/dark/Desktop/PHYLO/framework/base/CApplication.php(162): CWebApplication->processRequest()
#2 /Users/dark/Desktop/PHYLO/index.php(14): CApplication->run()
#3 {main}
REQUEST_URI=/index.php?page=play
HTTP_REFERER=http://localhost:8888/index.php?page=tutorial
---
2012/10/31 23:03:21 [error] [exception.CHttpException.404] exception 'CHttpException' with message 'Unable to resolve the request "site".' in /Users/dark/Desktop/PHYLO/framework/web/CWebApplication.php:293
Stack trace:
#0 /Users/dark/Desktop/PHYLO/framework/web/CWebApplication.php(148): CWebApplication->runController('')
#1 /Users/dark/Desktop/PHYLO/framework/base/CApplication.php(162): CWebApplication->processRequest()
#2 /Users/dark/Desktop/PHYLO/index.php(14): CApplication->run()
#3 {main}
REQUEST_URI=/index.php?page=play
HTTP_REFERER=http://localhost:8888/index.php?page=tutorial
---
2012/10/31 23:03:22 [error] [exception.CHttpException.404] exception 'CHttpException' with message 'Unable to resolve the request "site".' in /Users/dark/Desktop/PHYLO/framework/web/CWebApplication.php:293
Stack trace:
#0 /Users/dark/Desktop/PHYLO/framework/web/CWebApplication.php(148): CWebApplication->runController('')
#1 /Users/dark/Desktop/PHYLO/framework/base/CApplication.php(162): CWebApplication->processRequest()
#2 /Users/dark/Desktop/PHYLO/index.php(14): CApplication->run()
#3 {main}
REQUEST_URI=/index.php?page=play
HTTP_REFERER=http://localhost:8888/index.php?page=tutorial
---
2012/10/31 23:03:30 [error] [exception.CHttpException.404] exception 'CHttpException' with message 'Unable to resolve the request "site".' in /Users/dark/Desktop/PHYLO/framework/web/CWebApplication.php:293
Stack trace:
#0 /Users/dark/Desktop/PHYLO/framework/web/CWebApplication.php(148): CWebApplication->runController('')
#1 /Users/dark/Desktop/PHYLO/framework/base/CApplication.php(162): CWebApplication->processRequest()
#2 /Users/dark/Desktop/PHYLO/index.php(14): CApplication->run()
#3 {main}
REQUEST_URI=/index.php?page=play
HTTP_REFERER=http://localhost:8888/index.php?page=tutorial
---
2012/10/31 23:07:48 [error] [exception.CHttpException.404] exception 'CHttpException' with message 'Unable to resolve the request "site".' in /Users/dark/Desktop/PHYLO/framework/web/CWebApplication.php:287
Stack trace:
#0 /Users/dark/Desktop/PHYLO/framework/web/CWebApplication.php(142): CWebApplication->runController('')
#1 /Users/dark/Desktop/PHYLO/framework/base/CApplication.php(162): CWebApplication->processRequest()
#2 /Users/dark/Desktop/PHYLO/index.php(14): CApplication->run()
#3 {main}
REQUEST_URI=/index.php?page=play
HTTP_REFERER=http://localhost:8888/index.php?page=tutorial
---
2012/10/31 23:07:49 [error] [exception.CHttpException.404] exception 'CHttpException' with message 'Unable to resolve the request "site".' in /Users/dark/Desktop/PHYLO/framework/web/CWebApplication.php:287
Stack trace:
#0 /Users/dark/Desktop/PHYLO/framework/web/CWebApplication.php(142): CWebApplication->runController('')
#1 /Users/dark/Desktop/PHYLO/framework/base/CApplication.php(162): CWebApplication->processRequest()
#2 /Users/dark/Desktop/PHYLO/index.php(14): CApplication->run()
#3 {main}
REQUEST_URI=/index.php?page=play
HTTP_REFERER=http://localhost:8888/index.php?page=tutorial
---
2012/10/31 23:30:59 [error] [exception.CHttpException.404] exception 'CHttpException' with message 'The system is unable to find the requested action "site".' in /Users/dark/Desktop/PHYLO/framework/web/CController.php:484
Stack trace:
#0 /Users/dark/Desktop/PHYLO/framework/web/CController.php(271): CController->missingAction('site')
#1 /Users/dark/Desktop/PHYLO/framework/web/CWebApplication.php(283): CController->run('site')
#2 /Users/dark/Desktop/PHYLO/framework/web/CWebApplication.php(142): CWebApplication->runController('site/site/play')
#3 /Users/dark/Desktop/PHYLO/framework/base/CApplication.php(162): CWebApplication->processRequest()
#4 /Users/dark/Desktop/PHYLO/index.php(14): CApplication->run()
#5 {main}
REQUEST_URI=/index.php/site/site/play
HTTP_REFERER=http://localhost:8888/index.php/site/tutorial
---
2012/10/31 23:31:06 [error] [exception.CHttpException.404] exception 'CHttpException' with message 'The system is unable to find the requested action "site".' in /Users/dark/Desktop/PHYLO/framework/web/CController.php:484
Stack trace:
#0 /Users/dark/Desktop/PHYLO/framework/web/CController.php(271): CController->missingAction('site')
#1 /Users/dark/Desktop/PHYLO/framework/web/CWebApplication.php(283): CController->run('site')
#2 /Users/dark/Desktop/PHYLO/framework/web/CWebApplication.php(142): CWebApplication->runController('site/site/site/...')
#3 /Users/dark/Desktop/PHYLO/framework/base/CApplication.php(162): CWebApplication->processRequest()
#4 /Users/dark/Desktop/PHYLO/index.php(14): CApplication->run()
#5 {main}
REQUEST_URI=/index.php/site/site/site/about
HTTP_REFERER=http://localhost:8888/index.php/site/site/play
---
2012/10/31 23:31:09 [error] [exception.CHttpException.404] exception 'CHttpException' with message 'The system is unable to find the requested action "site".' in /Users/dark/Desktop/PHYLO/framework/web/CController.php:484
Stack trace:
#0 /Users/dark/Desktop/PHYLO/framework/web/CController.php(271): CController->missingAction('site')
#1 /Users/dark/Desktop/PHYLO/framework/web/CWebApplication.php(283): CController->run('site')
#2 /Users/dark/Desktop/PHYLO/framework/web/CWebApplication.php(142): CWebApplication->runController('site/site/site/...')
#3 /Users/dark/Desktop/PHYLO/framework/base/CApplication.php(162): CWebApplication->processRequest()
#4 /Users/dark/Desktop/PHYLO/index.php(14): CApplication->run()
#5 {main}
REQUEST_URI=/index.php/site/site/site/site/play
HTTP_REFERER=http://localhost:8888/index.php/site/site/site/about
---
2012/10/31 23:32:57 [error] [exception.CHttpException.404] exception 'CHttpException' with message 'The system is unable to find the requested action "about".' in /Users/dark/Desktop/PHYLO/framework/web/CController.php:484
Stack trace:
#0 /Users/dark/Desktop/PHYLO/framework/web/CController.php(271): CController->missingAction('about')
#1 /Users/dark/Desktop/PHYLO/framework/web/CWebApplication.php(283): CController->run('about')
#2 /Users/dark/Desktop/PHYLO/framework/web/CWebApplication.php(142): CWebApplication->runController('site/about')
#3 /Users/dark/Desktop/PHYLO/framework/base/CApplication.php(162): CWebApplication->processRequest()
#4 /Users/dark/Desktop/PHYLO/index.php(14): CApplication->run()
#5 {main}
REQUEST_URI=/index.php/site/about
HTTP_REFERER=http://localhost:8888/index.php/site/tutorial
---
2012/10/31 23:33:01 [error] [exception.CHttpException.404] exception 'CHttpException' with message 'The system is unable to find the requested action "credits".' in /Users/dark/Desktop/PHYLO/framework/web/CController.php:484
Stack trace:
#0 /Users/dark/Desktop/PHYLO/framework/web/CController.php(271): CController->missingAction('credits')
#1 /Users/dark/Desktop/PHYLO/framework/web/CWebApplication.php(283): CController->run('credits')
#2 /Users/dark/Desktop/PHYLO/framework/web/CWebApplication.php(142): CWebApplication->runController('site/credits')
#3 /Users/dark/Desktop/PHYLO/framework/base/CApplication.php(162): CWebApplication->processRequest()
#4 /Users/dark/Desktop/PHYLO/index.php(14): CApplication->run()
#5 {main}
REQUEST_URI=/index.php/site/credits
HTTP_REFERER=http://localhost:8888/index.php/site/about
---
2012/10/31 23:36:08 [error] [exception.CException] exception 'CException' with message 'SiteController cannot find the requested view "credits".' in /Users/dark/Desktop/PHYLO/framework/web/CController.php:879
Stack trace:
#0 /Users/dark/Desktop/PHYLO/framework/web/CController.php(783): CController->renderPartial('credits', NULL, true)
#1 /Users/dark/Desktop/PHYLO/protected/controllers/SiteController.php(48): CController->render('credits')
#2 /Users/dark/Desktop/PHYLO/framework/web/actions/CInlineAction.php(50): SiteController->actionCredits()
#3 /Users/dark/Desktop/PHYLO/framework/web/CController.php(309): CInlineAction->runWithParams(Array)
#4 /Users/dark/Desktop/PHYLO/framework/web/CController.php(287): CController->runAction(Object(CInlineAction))
#5 /Users/dark/Desktop/PHYLO/framework/web/CController.php(266): CController->runActionWithFilters(Object(CInlineAction), Array)
#6 /Users/dark/Desktop/PHYLO/framework/web/CWebApplication.php(283): CController->run('credits')
#7 /Users/dark/Desktop/PHYLO/framework/web/CWebApplication.php(142): CWebApplication->runController('site/credits')
#8 /Users/dark/Desktop/PHYLO/framework/base/CApplication.php(162): CWebApplication->processRequest()
#9 /Users/dark/Desktop/PHYLO/index.php(14): CApplication->run()
#10 {main}
REQUEST_URI=/index.php/site/credits
HTTP_REFERER=http://localhost:8888/index.php/site/about
---
2012/10/31 23:36:09 [error] [exception.CHttpException.404] exception 'CHttpException' with message 'The system is unable to find the requested action "ranking".' in /Users/dark/Desktop/PHYLO/framework/web/CController.php:484
Stack trace:
#0 /Users/dark/Desktop/PHYLO/framework/web/CController.php(271): CController->missingAction('ranking')
#1 /Users/dark/Desktop/PHYLO/framework/web/CWebApplication.php(283): CController->run('ranking')
#2 /Users/dark/Desktop/PHYLO/framework/web/CWebApplication.php(142): CWebApplication->runController('site/ranking')
#3 /Users/dark/Desktop/PHYLO/framework/base/CApplication.php(162): CWebApplication->processRequest()
#4 /Users/dark/Desktop/PHYLO/index.php(14): CApplication->run()
#5 {main}
REQUEST_URI=/index.php/site/ranking
HTTP_REFERER=http://localhost:8888/index.php/site/credits
---
2012/10/31 23:37:16 [error] [exception.CHttpException.404] exception 'CHttpException' with message 'The system is unable to find the requested action "ranking".' in /Users/dark/Desktop/PHYLO/framework/web/CController.php:484
Stack trace:
#0 /Users/dark/Desktop/PHYLO/framework/web/CController.php(271): CController->missingAction('ranking')
#1 /Users/dark/Desktop/PHYLO/framework/web/CWebApplication.php(283): CController->run('ranking')
#2 /Users/dark/Desktop/PHYLO/framework/web/CWebApplication.php(142): CWebApplication->runController('site/ranking')
#3 /Users/dark/Desktop/PHYLO/framework/base/CApplication.php(162): CWebApplication->processRequest()
#4 /Users/dark/Desktop/PHYLO/index.php(14): CApplication->run()
#5 {main}
REQUEST_URI=/index.php/site/ranking
HTTP_REFERER=http://localhost:8888/index.php/site/credits
---
2012/10/31 23:37:16 [error] [exception.CHttpException.404] exception 'CHttpException' with message 'The system is unable to find the requested action "css".' in /Users/dark/Desktop/PHYLO/framework/web/CController.php:484
Stack trace:
#0 /Users/dark/Desktop/PHYLO/framework/web/CController.php(271): CController->missingAction('css')
#1 /Users/dark/Desktop/PHYLO/framework/web/CWebApplication.php(283): CController->run('css')
#2 /Users/dark/Desktop/PHYLO/framework/web/CWebApplication.php(142): CWebApplication->runController('site/css/bootst...')
#3 /Users/dark/Desktop/PHYLO/framework/base/CApplication.php(162): CWebApplication->processRequest()
#4 /Users/dark/Desktop/PHYLO/index.php(14): CApplication->run()
#5 {main}
REQUEST_URI=/index.php/site/css/bootstrap.css
HTTP_REFERER=http://localhost:8888/index.php/site/ranking
---
2012/10/31 23:37:16 [error] [exception.CHttpException.404] exception 'CHttpException' with message 'The system is unable to find the requested action "css".' in /Users/dark/Desktop/PHYLO/framework/web/CController.php:484
Stack trace:
#0 /Users/dark/Desktop/PHYLO/framework/web/CController.php(271): CController->missingAction('css')
#1 /Users/dark/Desktop/PHYLO/framework/web/CWebApplication.php(283): CController->run('css')
#2 /Users/dark/Desktop/PHYLO/framework/web/CWebApplication.php(142): CWebApplication->runController('site/css/font-a...')
#3 /Users/dark/Desktop/PHYLO/framework/base/CApplication.php(162): CWebApplication->processRequest()
#4 /Users/dark/Desktop/PHYLO/index.php(14): CApplication->run()
#5 {main}
REQUEST_URI=/index.php/site/css/font-awesome.css
HTTP_REFERER=http://localhost:8888/index.php/site/ranking
---
2012/10/31 23:37:16 [error] [exception.CHttpException.404] exception 'CHttpException' with message 'The system is unable to find the requested action "css".' in /Users/dark/Desktop/PHYLO/framework/web/CController.php:484
Stack trace:
#0 /Users/dark/Desktop/PHYLO/framework/web/CController.php(271): CController->missingAction('css')
#1 /Users/dark/Desktop/PHYLO/framework/web/CWebApplication.php(283): CController->run('css')
#2 /Users/dark/Desktop/PHYLO/framework/web/CWebApplication.php(142): CWebApplication->runController('site/css/font-a...')
#3 /Users/dark/Desktop/PHYLO/framework/base/CApplication.php(162): CWebApplication->processRequest()
#4 /Users/dark/Desktop/PHYLO/index.php(14): CApplication->run()
#5 {main}
REQUEST_URI=/index.php/site/css/font-awesome-ie7.css%20/%3E%3C!--[if%20lt%20IE%208]%3E%3Clink%20rel=
HTTP_REFERER=http://localhost:8888/index.php/site/ranking
---
2012/10/31 23:37:35 [error] [exception.CHttpException.404] exception 'CHttpException' with message 'The system is unable to find the requested action "ranking".' in /Users/dark/Desktop/PHYLO/framework/web/CController.php:484
Stack trace:
#0 /Users/dark/Desktop/PHYLO/framework/web/CController.php(271): CController->missingAction('ranking')
#1 /Users/dark/Desktop/PHYLO/framework/web/CWebApplication.php(283): CController->run('ranking')
#2 /Users/dark/Desktop/PHYLO/framework/web/CWebApplication.php(142): CWebApplication->runController('site/ranking')
#3 /Users/dark/Desktop/PHYLO/framework/base/CApplication.php(162): CWebApplication->processRequest()
#4 /Users/dark/Desktop/PHYLO/index.php(14): CApplication->run()
#5 {main}
REQUEST_URI=/index.php/site/ranking
HTTP_REFERER=http://localhost:8888/index.php/site/credits
---
2012/10/31 23:41:53 [error] [exception.CHttpException.404] exception 'CHttpException' with message 'The system is unable to find the requested action "ranking".' in /Users/dark/Desktop/PHYLO/framework/web/CController.php:484
Stack trace:
#0 /Users/dark/Desktop/PHYLO/framework/web/CController.php(271): CController->missingAction('ranking')
#1 /Users/dark/Desktop/PHYLO/framework/web/CWebApplication.php(283): CController->run('ranking')
#2 /Users/dark/Desktop/PHYLO/framework/web/CWebApplication.php(142): CWebApplication->runController('site/ranking')
#3 /Users/dark/Desktop/PHYLO/framework/base/CApplication.php(162): CWebApplication->processRequest()
#4 /Users/dark/Desktop/PHYLO/index.php(14): CApplication->run()
#5 {main}
REQUEST_URI=/index.php/site/ranking
HTTP_REFERER=http://localhost:8888/index.php/site/credits
---
2012/10/31 23:46:06 [error] [exception.CHttpException.404] exception 'CHttpException' with message 'Unable to resolve the request "siteController/play".' in /Users/dark/Desktop/PHYLO/framework/web/CWebApplication.php:287
Stack trace:
#0 /Users/dark/Desktop/PHYLO/framework/web/CWebApplication.php(142): CWebApplication->runController('siteController/...')
#1 /Users/dark/Desktop/PHYLO/framework/base/CApplication.php(162): CWebApplication->processRequest()
#2 /Users/dark/Desktop/PHYLO/index.php(14): CApplication->run()
#3 {main}
REQUEST_URI=/index.php/play
---
2012/10/31 23:46:09 [error] [exception.CHttpException.404] exception 'CHttpException' with message 'Unable to resolve the request "siteController/play".' in /Users/dark/Desktop/PHYLO/framework/web/CWebApplication.php:287
Stack trace:
#0 /Users/dark/Desktop/PHYLO/framework/web/CWebApplication.php(142): CWebApplication->runController('siteController/...')
#1 /Users/dark/Desktop/PHYLO/framework/base/CApplication.php(162): CWebApplication->processRequest()
#2 /Users/dark/Desktop/PHYLO/index.php(14): CApplication->run()
#3 {main}
REQUEST_URI=/index.php/play
---
2012/10/31 23:46:58 [error] [exception.CException] exception 'CException' with message 'SiteController cannot find the requested view "about".' in /Users/dark/Desktop/PHYLO/framework/web/CController.php:879
Stack trace:
#0 /Users/dark/Desktop/PHYLO/framework/web/CController.php(783): CController->renderPartial('about', NULL, true)
#1 /Users/dark/Desktop/PHYLO/protected/controllers/SiteController.php(43): CController->render('about')
#2 /Users/dark/Desktop/PHYLO/framework/web/actions/CInlineAction.php(50): SiteController->actionAbout()
#3 /Users/dark/Desktop/PHYLO/framework/web/CController.php(309): CInlineAction->runWithParams(Array)
#4 /Users/dark/Desktop/PHYLO/framework/web/CController.php(287): CController->runAction(Object(CInlineAction))
#5 /Users/dark/Desktop/PHYLO/framework/web/CController.php(266): CController->runActionWithFilters(Object(CInlineAction), Array)
#6 /Users/dark/Desktop/PHYLO/framework/web/CWebApplication.php(283): CController->run('about')
#7 /Users/dark/Desktop/PHYLO/framework/web/CWebApplication.php(142): CWebApplication->runController('site/about')
#8 /Users/dark/Desktop/PHYLO/framework/base/CApplication.php(162): CWebApplication->processRequest()
#9 /Users/dark/Desktop/PHYLO/index.php(14): CApplication->run()
#10 {main}
REQUEST_URI=/index.php/about
---
2012/10/31 23:47:57 [error] [exception.CHttpException.404] exception 'CHttpException' with message 'The system is unable to find the requested action "ranking".' in /Users/dark/Desktop/PHYLO/framework/web/CController.php:484
Stack trace:
#0 /Users/dark/Desktop/PHYLO/framework/web/CController.php(271): CController->missingAction('ranking')
#1 /Users/dark/Desktop/PHYLO/framework/web/CWebApplication.php(283): CController->run('ranking')
#2 /Users/dark/Desktop/PHYLO/framework/web/CWebApplication.php(142): CWebApplication->runController('site/ranking')
#3 /Users/dark/Desktop/PHYLO/framework/base/CApplication.php(162): CWebApplication->processRequest()
#4 /Users/dark/Desktop/PHYLO/index.php(14): CApplication->run()
#5 {main}
REQUEST_URI=/index.php/ranking
HTTP_REFERER=http://localhost:8888/index.php/play
---
2012/10/31 23:48:02 [error] [exception.CHttpException.404] exception 'CHttpException' with message 'The system is unable to find the requested action "ranking".' in /Users/dark/Desktop/PHYLO/framework/web/CController.php:484
Stack trace:
#0 /Users/dark/Desktop/PHYLO/framework/web/CController.php(271): CController->missingAction('ranking')
#1 /Users/dark/Desktop/PHYLO/framework/web/CWebApplication.php(283): CController->run('ranking')
#2 /Users/dark/Desktop/PHYLO/framework/web/CWebApplication.php(142): CWebApplication->runController('site/ranking')
#3 /Users/dark/Desktop/PHYLO/framework/base/CApplication.php(162): CWebApplication->processRequest()
#4 /Users/dark/Desktop/PHYLO/index.php(14): CApplication->run()
#5 {main}
REQUEST_URI=/index.php/ranking
HTTP_REFERER=http://localhost:8888/index.php/play
---
